This is XeTeX, Version 3.1415926-2.4-0.9998 (TeX Live 2012) (format=xelatex 2012.6.30)  18 AUG 2014 12:54
entering extended mode
 restricted \write18 enabled.
 %&-line parsing enabled.
**main.tex
(./main.tex
LaTeX2e <2011/06/27>
Babel <v3.8m> and hyphenation patterns for english, dumylang, nohyphenation, ge
rman-x-2012-05-30, ngerman-x-2012-05-30, afrikaans, ancientgreek, ibycus, arabi
c, armenian, basque, bulgarian, catalan, pinyin, coptic, croatian, czech, danis
h, dutch, ukenglish, usenglishmax, esperanto, estonian, ethiopic, farsi, finnis
h, french, friulan, galician, german, ngerman, swissgerman, monogreek, greek, h
ungarian, icelandic, assamese, bengali, gujarati, hindi, kannada, malayalam, ma
rathi, oriya, panjabi, tamil, telugu, indonesian, interlingua, irish, italian, 
kurmanji, latin, latvian, lithuanian, mongolian, mongolianlmc, bokmal, nynorsk,
 polish, portuguese, romanian, romansh, russian, sanskrit, serbian, serbianc, s
lovak, slovenian, spanish, swedish, turkish, turkmen, ukrainian, uppersorbian, 
welsh, loaded.
(./mitthesis.cls
Document Class: mitthesis 1999/10/20
\vithesis=\count80
(/usr/local/texlive/2012/texmf-dist/tex/latex/base/report.cls
Document Class: report 2007/10/19 v1.4h Standard LaTeX document class
(/usr/local/texlive/2012/texmf-dist/tex/latex/base/size12.clo
File: size12.clo 2007/10/19 v1.4h Standard LaTeX file (size option)
)
\c@part=\count81
\c@chapter=\count82
\c@section=\count83
\c@subsection=\count84
\c@subsubsection=\count85
\c@paragraph=\count86
\c@subparagraph=\count87
\c@figure=\count88
\c@table=\count89
\abovecaptionskip=\skip41
\belowcaptionskip=\skip42
\bibindent=\dimen102
)
(/usr/local/texlive/2012/texmf-dist/tex/latex/setspace/setspace.sty
Package: setspace 2011/12/19 v6.7a set line spacing
)
Thesis document copyright MIT unless otherwise (manually) specified
\@titlesupervisor=\box26
\@abstractsupervisor=\box27
\c@savepage=\count90
Invalid UTF-8 byte or sequence at line 506 replaced by U+FFFD.
) (/usr/local/texlive/2012/texmf-dist/tex/latex/tools/enumerate.sty
Package: enumerate 1999/03/05 v3.00 enumerate extensions (DPC)
\@enLab=\toks14
)
(/usr/local/texlive/2012/texmf-dist/tex/latex/graphics/graphicx.sty
Package: graphicx 1999/02/16 v1.0f Enhanced LaTeX Graphics (DPC,SPQR)

(/usr/local/texlive/2012/texmf-dist/tex/latex/graphics/keyval.sty
Package: keyval 1999/03/16 v1.13 key=value parser (DPC)
\KV@toks@=\toks15
)
(/usr/local/texlive/2012/texmf-dist/tex/latex/graphics/graphics.sty
Package: graphics 2009/02/05 v1.0o Standard LaTeX Graphics (DPC,SPQR)

(/usr/local/texlive/2012/texmf-dist/tex/latex/graphics/trig.sty
Package: trig 1999/03/16 v1.09 sin cos tan (DPC)
)
(/usr/local/texlive/2012/texmf-dist/tex/latex/latexconfig/graphics.cfg
File: graphics.cfg 2010/04/23 v1.9 graphics configuration of TeX Live
)
Package graphics Info: Driver file: xetex.def on input line 91.

(/usr/local/texlive/2012/texmf-dist/tex/xelatex/xetex-def/xetex.def
File: xetex.def 2009/11/22 v0.94 LaTeX color/graphics driver for XeTeX (RRM/JK)

))
\Gin@req@height=\dimen103
\Gin@req@width=\dimen104
)
(/usr/local/texlive/2012/texmf-dist/tex/generic/babel/babel.sty
Package: babel 2008/07/08 v3.8m The Babel package

(/usr/local/texlive/2012/texmf-dist/tex/generic/babel/spanish.ldf
Language: spanish.ldf 2011/10/06 v5.0k Spanish support from the babel system

(/usr/local/texlive/2012/texmf-dist/tex/generic/babel/babel.def
File: babel.def 2008/07/08 v3.8m Babel common definitions
\babel@savecnt=\count91
\U@D=\dimen105
)
\es@datefmt=\count92
\es@quottoks=\toks16
\es@quotdepth=\count93
Package babel Info: Making " an active character on input line 496.
))
(/usr/local/texlive/2012/texmf-dist/tex/latex/amsmath/amsmath.sty
Package: amsmath 2000/07/18 v2.13 AMS math features
\@mathmargin=\skip43

For additional information on amsmath, use the `?' option.
(/usr/local/texlive/2012/texmf-dist/tex/latex/amsmath/amstext.sty
Package: amstext 2000/06/29 v2.01

(/usr/local/texlive/2012/texmf-dist/tex/latex/amsmath/amsgen.sty
File: amsgen.sty 1999/11/30 v2.0
\@emptytoks=\toks17
\ex@=\dimen106
))
(/usr/local/texlive/2012/texmf-dist/tex/latex/amsmath/amsbsy.sty
Package: amsbsy 1999/11/29 v1.2d
\pmbraise@=\dimen107
)
(/usr/local/texlive/2012/texmf-dist/tex/latex/amsmath/amsopn.sty
Package: amsopn 1999/12/14 v2.01 operator names
)
\inf@bad=\count94
LaTeX Info: Redefining \frac on input line 211.
\uproot@=\count95
\leftroot@=\count96
LaTeX Info: Redefining \overline on input line 307.
\classnum@=\count97
\DOTSCASE@=\count98
LaTeX Info: Redefining \ldots on input line 379.
LaTeX Info: Redefining \dots on input line 382.
LaTeX Info: Redefining \cdots on input line 467.
\Mathstrutbox@=\box28
\strutbox@=\box29
\big@size=\dimen108
LaTeX Font Info:    Redeclaring font encoding OML on input line 567.
LaTeX Font Info:    Redeclaring font encoding OMS on input line 568.
\macc@depth=\count99
\c@MaxMatrixCols=\count100
\dotsspace@=\muskip10
\c@parentequation=\count101
\dspbrk@lvl=\count102
\tag@help=\toks18
\row@=\count103
\column@=\count104
\maxfields@=\count105
\andhelp@=\toks19
\eqnshift@=\dimen109
\alignsep@=\dimen110
\tagshift@=\dimen111
\tagwidth@=\dimen112
\totwidth@=\dimen113
\lineht@=\dimen114
\@envbody=\toks20
\multlinegap=\skip44
\multlinetaggap=\skip45
\mathdisplay@stack=\toks21
LaTeX Info: Redefining \[ on input line 2666.
LaTeX Info: Redefining \] on input line 2667.
)
(./lgrind.sty
Package: lgrind 1997/01/30 v3.4 LGrind environment and supporting stuff
\lc@unt=\count106
\ln@xt=\count107
\LGnuminterval=\count108
\LGindent=\skip46
\LGsloppy=\skip47
\procbox=\box30
\ls@far=\box31
\tb@x=\box32
\TBw@d=\dimen115
\@ts=\dimen116
)
(/usr/local/texlive/2012/texmf-dist/tex/latex/listings/listings.sty
\lst@mode=\count109
\lst@gtempboxa=\box33
\lst@token=\toks22
\lst@length=\count110
\lst@currlwidth=\dimen117
\lst@column=\count111
\lst@pos=\count112
\lst@lostspace=\dimen118
\lst@width=\dimen119
\lst@newlines=\count113
\lst@lineno=\count114
\lst@maxwidth=\dimen120

(/usr/local/texlive/2012/texmf-dist/tex/latex/listings/lstmisc.sty
File: lstmisc.sty 2007/02/22 1.4 (Carsten Heinz)
\c@lstnumber=\count115
\lst@skipnumbers=\count116
\lst@framebox=\box34
)
(/usr/local/texlive/2012/texmf-dist/tex/latex/listings/listings.cfg
File: listings.cfg 2007/02/22 1.4 listings configuration
))
Package: listings 2007/02/22 1.4 (Carsten Heinz)

(/usr/local/texlive/2012/texmf-dist/tex/latex/graphics/color.sty
Package: color 2005/11/14 v1.0j Standard LaTeX Color (DPC)

(/usr/local/texlive/2012/texmf-dist/tex/latex/latexconfig/color.cfg
File: color.cfg 2007/01/18 v1.5 color configuration of teTeX/TeXLive
)
Package color Info: Driver file: xetex.def on input line 130.
)
(/usr/local/texlive/2012/texmf-dist/tex/latex/float/float.sty
Package: float 2001/11/08 v1.3d Float enhancements (AL)
\c@float@type=\count117
\float@exts=\toks23
\float@box=\box35
\@float@everytoks=\toks24
\@floatcapt=\box36
) (./placeins.sty
Package: placeins 2005/04/18  v 2.2
) (/usr/local/texlive/2012/texmf-dist/tex/generic/ifxetex/ifxetex.sty
Package: ifxetex 2010/09/12 v0.6 Provides ifxetex conditional
)
(/usr/local/texlive/2012/texmf-dist/tex/latex/fontspec/fontspec.sty
Package: fontspec 2012/05/06 v2.2b Advanced font selection for XeLaTeX/LuaLaTeX


(/usr/local/texlive/2012/texmf-dist/tex/latex/l3kernel/expl3.sty
(/usr/local/texlive/2012/texmf-dist/tex/latex/l3kernel/l3names.sty
(/usr/local/texlive/2012/texmf-dist/tex/latex/l3kernel/l3bootstrap.sty
Package: l3bootstrap 2011/12/29 v3110 L3 Experimental bootstrap code
)
Package: l3names 2012/03/04 v3494 L3 Experimental namespace for primitives
)
(/usr/local/texlive/2012/texmf-dist/tex/latex/etex-pkg/etex.sty
Package: etex 1998/03/26 v2.0 eTeX basic definition package (PEB)
\et@xins=\count118
)
Package: expl3 2012/04/23 v3570 L3 Experimental code bundle wrapper

(/usr/local/texlive/2012/texmf-dist/tex/latex/l3kernel/l3basics.sty
Package: l3basics 2012/03/04 v3491 L3 Experimental basic definitions
)
(/usr/local/texlive/2012/texmf-dist/tex/latex/l3kernel/l3expan.sty
Package: l3expan 2012/02/26 v3460 L3 Experimental argument expansion
)
(/usr/local/texlive/2012/texmf-dist/tex/latex/l3kernel/l3tl.sty
Package: l3tl 2012/03/04 v3490 L3 Experimental token lists
)
(/usr/local/texlive/2012/texmf-dist/tex/latex/l3kernel/l3seq.sty
Package: l3seq 2012/03/04 v3490 L3 Experimental sequences and stacks
)
(/usr/local/texlive/2012/texmf-dist/tex/latex/l3kernel/l3int.sty
Package: l3int 2012/03/04 v3490 L3 Experimental integers
\c_max_int=\count119
\l_tmpa_int=\count120
\l_tmpb_int=\count121
\l_tmpc_int=\count122
\g_tmpa_int=\count123
\g_tmpb_int=\count124
)
(/usr/local/texlive/2012/texmf-dist/tex/latex/l3kernel/l3quark.sty
Package: l3quark 2012/02/12 v3384 L3 Experimental quarks
)
(/usr/local/texlive/2012/texmf-dist/tex/latex/l3kernel/l3prg.sty
Package: l3prg 2012/03/04 v3490 L3 Experimental control structures
\g_prg_map_int=\count125
)
(/usr/local/texlive/2012/texmf-dist/tex/latex/l3kernel/l3clist.sty
Package: l3clist 2012/03/04 v3490 L3 Experimental comma separated lists
)
(/usr/local/texlive/2012/texmf-dist/tex/latex/l3kernel/l3token.sty
Package: l3token 2012/03/04 v3491 L3 Experimental token manipulation
)
(/usr/local/texlive/2012/texmf-dist/tex/latex/l3kernel/l3prop.sty
Package: l3prop 2012/03/04 v3490 L3 Experimental property lists
)
(/usr/local/texlive/2012/texmf-dist/tex/latex/l3kernel/l3msg.sty
Package: l3msg 2012/04/23 v3568 L3 Experimental messages
)
(/usr/local/texlive/2012/texmf-dist/tex/latex/l3kernel/l3file.sty
Package: l3file 2012/03/09 v3520 L3 Experimental file and I/O operations
\l_iow_stream_int=\count126
\l_iow_line_length_int=\count127
\l_iow_target_length_int=\count128
\l_iow_current_line_int=\count129
\l_iow_current_word_int=\count130
\l_iow_current_indentation_int=\count131
)
(/usr/local/texlive/2012/texmf-dist/tex/latex/l3kernel/l3skip.sty
Package: l3skip 2012/03/05 v3499 L3 Experimental dimensions and skips
\l_tmpa_dim=\dimen121
\l_tmpb_dim=\dimen122
\l_tmpc_dim=\dimen123
\g_tmpa_dim=\dimen124
\g_tmpb_dim=\dimen125
\l_tmpa_skip=\skip48
\l_tmpb_skip=\skip49
\l_tmpc_skip=\skip50
\g_tmpa_skip=\skip51
\g_tmpb_skip=\skip52
)
(/usr/local/texlive/2012/texmf-dist/tex/latex/l3kernel/l3keys.sty
Package: l3keys 2012/03/03 v3487 L3 Experimental key-value interfaces
\g_keyval_level_int=\count132
\l_keys_choice_int=\count133
)
(/usr/local/texlive/2012/texmf-dist/tex/latex/l3kernel/l3fp.sty
Package: l3fp 2012/03/04 v3490 L3 Experimental floating-point operations
\c_one_hundred_million=\count134
\c_five_hundred_million=\count135
\c_one_thousand_million=\count136
\c_fp_pi_by_four_decimal_int=\count137
\c_fp_pi_by_four_extended_int=\count138
\c_fp_pi_decimal_int=\count139
\c_fp_pi_extended_int=\count140
\c_fp_two_pi_decimal_int=\count141
\c_fp_two_pi_extended_int=\count142
\l_fp_count_int=\count143
\l_fp_div_offset_int=\count144
\l_fp_exp_integer_int=\count145
\l_fp_exp_decimal_int=\count146
\l_fp_exp_extended_int=\count147
\l_fp_exp_exponent_int=\count148
\l_fp_input_a_sign_int=\count149
\l_fp_input_a_integer_int=\count150
\l_fp_input_a_decimal_int=\count151
\l_fp_input_a_exponent_int=\count152
\l_fp_input_b_sign_int=\count153
\l_fp_input_b_integer_int=\count154
\l_fp_input_b_decimal_int=\count155
\l_fp_input_b_exponent_int=\count156
\l_fp_input_a_extended_int=\count157
\l_fp_input_b_extended_int=\count158
\l_fp_mul_a_i_int=\count159
\l_fp_mul_a_ii_int=\count160
\l_fp_mul_a_iii_int=\count161
\l_fp_mul_a_iv_int=\count162
\l_fp_mul_a_v_int=\count163
\l_fp_mul_a_vi_int=\count164
\l_fp_mul_b_i_int=\count165
\l_fp_mul_b_ii_int=\count166
\l_fp_mul_b_iii_int=\count167
\l_fp_mul_b_iv_int=\count168
\l_fp_mul_b_v_int=\count169
\l_fp_mul_b_vi_int=\count170
\l_fp_mul_output_int=\count171
\l_fp_output_sign_int=\count172
\l_fp_output_integer_int=\count173
\l_fp_output_decimal_int=\count174
\l_fp_output_exponent_int=\count175
\l_fp_output_extended_int=\count176
\l_fp_round_position_int=\count177
\l_fp_round_target_int=\count178
\l_fp_split_sign_int=\count179
\l_fp_internal_int=\count180
\l_fp_trig_octant_int=\count181
\l_fp_trig_sign_int=\count182
\l_fp_trig_decimal_int=\count183
\l_fp_trig_extended_int=\count184
\l_fp_internal_dim=\dimen126
\l_fp_internal_skip=\skip53
)
(/usr/local/texlive/2012/texmf-dist/tex/latex/l3kernel/l3box.sty
Package: l3box 2012/03/04 v3490 L3 Experimental boxes
\l_tmpb_box=\box37
\l_box_top_dim=\dimen127
\l_box_bottom_dim=\dimen128
\l_box_left_dim=\dimen129
\l_box_right_dim=\dimen130
\l_box_top_new_dim=\dimen131
\l_box_bottom_new_dim=\dimen132
\l_box_left_new_dim=\dimen133
\l_box_right_new_dim=\dimen134
\l_box_internal_box=\box38
)
(/usr/local/texlive/2012/texmf-dist/tex/latex/l3kernel/l3coffins.sty
Package: l3coffins 2012/03/03 v3482 L3 Experimental coffin code layer
\l_coffin_internal_box=\box39
\l_coffin_internal_dim=\dimen135
\l_coffin_offset_x_dim=\dimen136
\l_coffin_offset_y_dim=\dimen137
\l_coffin_x_dim=\dimen138
\l_coffin_y_dim=\dimen139
\l_coffin_x_prime_dim=\dimen140
\l_coffin_y_prime_dim=\dimen141
\l_coffin_Depth_dim=\dimen142
\l_coffin_Height_dim=\dimen143
\l_coffin_TotalHeight_dim=\dimen144
\l_coffin_Width_dim=\dimen145
\c_empty_coffin=\box40
\l_coffin_aligned_coffin=\box41
\l_coffin_aligned_internal_coffin=\box42
\l_coffin_bounding_shift_dim=\dimen146
\l_coffin_left_corner_dim=\dimen147
\l_coffin_right_corner_dim=\dimen148
\l_coffin_bottom_corner_dim=\dimen149
\l_coffin_top_corner_dim=\dimen150
\l_coffin_scaled_total_height_dim=\dimen151
\l_coffin_scaled_width_dim=\dimen152
\l_coffin_display_coffin=\box43
\l_coffin_display_coord_coffin=\box44
\l_coffin_display_pole_coffin=\box45
\l_coffin_display_offset_dim=\dimen153
\l_coffin_display_x_dim=\dimen154
\l_coffin_display_y_dim=\dimen155
)
(/usr/local/texlive/2012/texmf-dist/tex/latex/l3kernel/l3color.sty
Package: l3color 2011/09/07 v2776 L3 Experimental colour support
)
(/usr/local/texlive/2012/texmf-dist/tex/latex/l3kernel/l3luatex.sty
Package: l3luatex 2012/02/09 v3355 L3 Experimental LuaTeX-specific functions
\g_cctab_allocate_int=\count185
\g_cctab_stack_int=\count186
))
(/usr/local/texlive/2012/texmf-dist/tex/latex/l3packages/xparse/xparse.sty
Package: xparse 2012/04/23 v3570 L3 Experimental document command parser
\l_xparse_current_arg_int=\count187
\l_xparse_m_args_int=\count188
\l_xparse_mandatory_args_int=\count189
\l_xparse_processor_int=\count190
\l_xparse_v_nesting_int=\count191
)
\l_fontspec_script_int=\count192
\l_fontspec_language_int=\count193
\l_fontspec_strnum_int=\count194
\l_fontspec_tmpa_dim=\dimen156
\l_fontspec_tmpb_dim=\dimen157
\l_fontspec_tmpc_dim=\dimen158
Variant \tl_gset:cV already defined; not changing it on line 66

(/usr/local/texlive/2012/texmf-dist/tex/latex/fontspec/fontspec-patches.sty
Package: fontspec-patches 2012/05/06 v2.2b Advanced font selection for XeLaTeX/
LuaLaTeX

(/usr/local/texlive/2012/texmf-dist/tex/latex/base/fixltx2e.sty
Package: fixltx2e 2006/09/13 v1.1m fixes to LaTeX
LaTeX Info: Redefining \em on input line 420.
LaTeX Info: The control sequence `\[' is already robust on input line 471.
LaTeX Info: The control sequence `\]' is already robust on input line 472.
)
LaTeX Info: Redefining \em on input line 22.
LaTeX Info: Redefining \emph on input line 29.
LaTeX Info: Redefining \- on input line 32.

*************************************************
* LaTeX warning: "xparse/redefine-command"
* 
* Redefining document command \oldstylenums with arg. spec. 'm' on line 107.
*************************************************
.................................................
. LaTeX info: "xparse/define-command"
. 
. Defining document command \liningnums with arg. spec. 'm' on line 111.
.................................................
) (/usr/local/texlive/2012/texmf-dist/tex/latex/fontspec/fontspec-xetex.sty
Package: fontspec-xetex 2012/05/06 v2.2b Advanced font selection for XeLaTeX/Lu
aLaTeX

(/usr/local/texlive/2012/texmf-dist/tex/latex/base/fontenc.sty
Package: fontenc 2005/09/27 v1.99g Standard LaTeX package

(/usr/local/texlive/2012/texmf-dist/tex/latex/euenc/eu1enc.def
File: eu1enc.def 2010/05/27 v0.1h Experimental Unicode font encodings
)
LaTeX Font Info:    Try loading font information for EU1+lmr on input line 100.


(/usr/local/texlive/2012/texmf-dist/tex/latex/euenc/eu1lmr.fd
File: eu1lmr.fd 2009/10/30 v1.6 Font defs for Latin Modern
))
(/usr/local/texlive/2012/texmf-dist/tex/xelatex/xunicode/xunicode.sty
File: xunicode.sty 2011/09/09 v0.981 provides access to latin accents and many 
other characters in Unicode lower plane

(/usr/local/texlive/2012/texmf-dist/tex/latex/tipa/t3enc.def
File: t3enc.def 2001/12/31 T3 encoding
LaTeX Font Info:    Try loading font information for EU1+lmss on input line 357
.

(/usr/local/texlive/2012/texmf-dist/tex/latex/euenc/eu1lmss.fd
File: eu1lmss.fd 2009/10/30 v1.6 Font defs for Latin Modern
))
\tipaTiiicode=\count195
\tipasavetokens=\toks25
\tipachecktokens=\toks26
)
.................................................
. LaTeX info: "xparse/define-command"
. 
. Defining document command \fontspec with arg. spec. 'O{}m' on line 39.
.................................................
.................................................
. LaTeX info: "xparse/define-command"
. 
. Defining document command \setmainfont with arg. spec. 'O{}m' on line 43.
.................................................
.................................................
. LaTeX info: "xparse/define-command"
. 
. Defining document command \setsansfont with arg. spec. 'O{}m' on line 47.
.................................................
.................................................
. LaTeX info: "xparse/define-command"
. 
. Defining document command \setmonofont with arg. spec. 'O{}m' on line 51.
.................................................
.................................................
. LaTeX info: "xparse/define-command"
. 
. Defining document command \setmathrm with arg. spec. 'O{}m' on line 59.
.................................................
.................................................
. LaTeX info: "xparse/define-command"
. 
. Defining document command \setboldmathrm with arg. spec. 'O{}m' on line 62.
.................................................
.................................................
. LaTeX info: "xparse/define-command"
. 
. Defining document command \setmathsf with arg. spec. 'O{}m' on line 65.
.................................................
.................................................
. LaTeX info: "xparse/define-command"
. 
. Defining document command \setmathtt with arg. spec. 'O{}m' on line 68.
.................................................
.................................................
. LaTeX info: "xparse/define-command"
. 
. Defining document command \newfontfamily with arg. spec. 'mO{}m' on line 84.
.................................................
.................................................
. LaTeX info: "xparse/define-command"
. 
. Defining document command \newfontface with arg. spec. 'mO{}m' on line 87.
.................................................
.................................................
. LaTeX info: "xparse/define-command"
. 
. Defining document command \defaultfontfeatures with arg. spec. 'm' on line
. 91.
.................................................
.................................................
. LaTeX info: "xparse/define-command"
. 
. Defining document command \addfontfeatures with arg. spec. 'm' on line 107.
.................................................
.................................................
. LaTeX info: "xparse/define-command"
. 
. Defining document command \newfontfeature with arg. spec. 'mm' on line 118.
.................................................
.................................................
. LaTeX info: "xparse/define-command"
. 
. Defining document command \newAATfeature with arg. spec. 'mmmm' on line 125.
.................................................
.................................................
. LaTeX info: "xparse/define-command"
. 
. Defining document command \newICUfeature with arg. spec. 'mmm' on line 132.
.................................................
.................................................
. LaTeX info: "xparse/define-command"
. 
. Defining document command \aliasfontfeature with arg. spec. 'mm' on line
. 159.
.................................................
.................................................
. LaTeX info: "xparse/define-command"
. 
. Defining document command \aliasfontfeatureoption with arg. spec. 'mmm' on
. line 164.
.................................................
.................................................
. LaTeX info: "xparse/define-command"
. 
. Defining document command \newfontscript with arg. spec. 'mm' on line 169.
.................................................
.................................................
. LaTeX info: "xparse/define-command"
. 
. Defining document command \newfontlanguage with arg. spec. 'mm' on line 192.
.................................................
.................................................
. LaTeX info: "xparse/define-command"
. 
. Defining document command \DeclareFontsExtensions with arg. spec. 'm' on
. line 211.
.................................................
Variant \prop_gput:cnV already defined; not changing it on line 485
Variant \prop_gput:cnx already defined; not changing it on line 486
\l_fontspec_tmp_int=\count196
LaTeX Info: Redefining \itshape on input line 1893.
LaTeX Info: Redefining \slshape on input line 1897.
LaTeX Info: Redefining \scshape on input line 1901.
LaTeX Info: Redefining \upshape on input line 1905.

(/usr/local/texlive/2012/texmf-dist/tex/latex/fontspec/fontspec.cfg)))
(/usr/local/texlive/2012/texmf-dist/tex/latex/caption/caption.sty
Package: caption 2012/02/19 v3.2f Customizing captions (AR)

(/usr/local/texlive/2012/texmf-dist/tex/latex/caption/caption3.sty
Package: caption3 2012/01/12 v1.4b caption3 kernel (AR)
\captionmargin=\dimen159
\captionmargin@=\dimen160
\captionwidth=\dimen161
\caption@indent=\dimen162
\caption@parindent=\dimen163
\caption@hangindent=\dimen164
)
\c@ContinuedFloat=\count197
Package caption Info: float package is loaded.
Package caption Info: listings package is loaded.
)
\myindention=\skip54

(/usr/local/texlive/2012/texmf-dist/tex/latex/fancyhdr/fancyhdr.sty
\fancy@headwidth=\skip55
\f@ncyO@elh=\skip56
\f@ncyO@erh=\skip57
\f@ncyO@olh=\skip58
\f@ncyO@orh=\skip59
\f@ncyO@elf=\skip60
\f@ncyO@erf=\skip61
\f@ncyO@olf=\skip62
\f@ncyO@orf=\skip63
)
\g_fontspec_family_Times New Roman_int=\count198
.................................................
. fontspec info: "defining-font"
. 
. Font family 'TimesNewRoman(0)' created for font 'Times New Roman' with
. options [].
. 
. This font family consists of the following shapes:
. 
. * 'normal' with NFSS spec.:
. <->"Times New Roman/ICU:script=latn;language=DFLT;"
. 
. * 'bold' with NFSS spec.:
. <->"Times New Roman/B/ICU:script=latn;language=DFLT;"
. 
. * 'italic' with NFSS spec.:
. <->"Times New Roman/I/ICU:script=latn;language=DFLT;"
. 
. * 'bold italic' with NFSS spec.:
. <->"Times New Roman/BI/ICU:script=latn;language=DFLT;"
.................................................

(./main.aux
LaTeX Info: Redefining \. on input line 3.
LaTeX Info: Redefining \% on input line 3.
 (./cover.aux) (./contents.aux) (./chap1.aux) (./chap2.aux)
(./chap3.aux) (./chap4.aux) (./chap5.aux) (./chap6.aux) (./chap7.aux)
(./chap8.aux) (./chap9.aux) (./appa.aux))
\openout1 = `main.aux'.

LaTeX Font Info:    Checking defaults for OML/cmm/m/it on input line 104.
LaTeX Font Info:    ... okay on input line 104.
LaTeX Font Info:    Checking defaults for T1/cmr/m/n on input line 104.
LaTeX Font Info:    ... okay on input line 104.
LaTeX Font Info:    Checking defaults for OT1/cmr/m/n on input line 104.
LaTeX Font Info:    ... okay on input line 104.
LaTeX Font Info:    Checking defaults for OMS/cmsy/m/n on input line 104.
LaTeX Font Info:    ... okay on input line 104.
LaTeX Font Info:    Checking defaults for OMX/cmex/m/n on input line 104.
LaTeX Font Info:    ... okay on input line 104.
LaTeX Font Info:    Checking defaults for U/cmr/m/n on input line 104.
LaTeX Font Info:    ... okay on input line 104.
LaTeX Font Info:    Checking defaults for EU1/lmr/m/n on input line 104.
LaTeX Font Info:    ... okay on input line 104.
LaTeX Font Info:    Checking defaults for T3/cmr/m/n on input line 104.
LaTeX Font Info:    Try loading font information for T3+cmr on input line 104.

(/usr/local/texlive/2012/texmf-dist/tex/latex/tipa/t3cmr.fd
File: t3cmr.fd 2001/12/31 TIPA font definitions
)
LaTeX Font Info:    ... okay on input line 104.
LaTeX Info: Redefining \. on input line 104.
LaTeX Info: Redefining \% on input line 104.
\c@lstlisting=\count199
.................................................
. fontspec info: "setup-math"
. 
. Adjusting the maths setup (use [no-math] to avoid this).
.................................................
\symlegacymaths=\mathgroup4
LaTeX Font Info:    Overwriting symbol font `legacymaths' in version `bold'
(Font)                  OT1/cmr/m/n --> OT1/cmr/bx/n on input line 104.
LaTeX Font Info:    Redeclaring math accent \acute on input line 104.
LaTeX Font Info:    Redeclaring math accent \grave on input line 104.
LaTeX Font Info:    Redeclaring math accent \ddot on input line 104.
LaTeX Font Info:    Redeclaring math accent \tilde on input line 104.
LaTeX Font Info:    Redeclaring math accent \bar on input line 104.
LaTeX Font Info:    Redeclaring math accent \breve on input line 104.
LaTeX Font Info:    Redeclaring math accent \check on input line 104.
LaTeX Font Info:    Redeclaring math accent \hat on input line 104.
LaTeX Font Info:    Redeclaring math accent \dot on input line 104.
LaTeX Font Info:    Redeclaring math accent \mathring on input line 104.
LaTeX Font Info:    Redeclaring math symbol \Gamma on input line 104.
LaTeX Font Info:    Redeclaring math symbol \Delta on input line 104.
LaTeX Font Info:    Redeclaring math symbol \Theta on input line 104.
LaTeX Font Info:    Redeclaring math symbol \Lambda on input line 104.
LaTeX Font Info:    Redeclaring math symbol \Xi on input line 104.
LaTeX Font Info:    Redeclaring math symbol \Pi on input line 104.
LaTeX Font Info:    Redeclaring math symbol \Sigma on input line 104.
LaTeX Font Info:    Redeclaring math symbol \Upsilon on input line 104.
LaTeX Font Info:    Redeclaring math symbol \Phi on input line 104.
LaTeX Font Info:    Redeclaring math symbol \Psi on input line 104.
LaTeX Font Info:    Redeclaring math symbol \Omega on input line 104.
LaTeX Font Info:    Redeclaring math symbol \mathdollar on input line 104.
LaTeX Font Info:    Redeclaring symbol font `operators' on input line 104.
LaTeX Font Info:    Encoding `OT1' has changed to `EU1' for symbol font
(Font)              `operators' in the math version `normal' on input line 104.

LaTeX Font Info:    Overwriting symbol font `operators' in version `normal'
(Font)                  OT1/cmr/m/n --> EU1/TimesNewRoman(0)/m/n on input line 
104.
LaTeX Font Info:    Encoding `OT1' has changed to `EU1' for symbol font
(Font)              `operators' in the math version `bold' on input line 104.
LaTeX Font Info:    Overwriting symbol font `operators' in version `bold'
(Font)                  OT1/cmr/bx/n --> EU1/TimesNewRoman(0)/m/n on input line
 104.
LaTeX Font Info:    Overwriting symbol font `operators' in version `normal'
(Font)                  EU1/TimesNewRoman(0)/m/n --> EU1/TimesNewRoman(0)/m/n o
n input line 104.
LaTeX Font Info:    Overwriting math alphabet `\mathrm' in version `normal'
(Font)                  EU1/TimesNewRoman(0)/m/n --> EU1/TimesNewRoman(0)/m/n o
n input line 104.
LaTeX Font Info:    Overwriting math alphabet `\mathit' in version `normal'
(Font)                  OT1/cmr/m/it --> EU1/TimesNewRoman(0)/m/it on input lin
e 104.
LaTeX Font Info:    Overwriting math alphabet `\mathbf' in version `normal'
(Font)                  OT1/cmr/bx/n --> EU1/TimesNewRoman(0)/bx/n on input lin
e 104.
LaTeX Font Info:    Overwriting math alphabet `\mathsf' in version `normal'
(Font)                  OT1/cmss/m/n --> EU1/lmss/m/n on input line 104.
LaTeX Font Info:    Overwriting math alphabet `\mathtt' in version `normal'
(Font)                  OT1/cmtt/m/n --> EU1/lmtt/m/n on input line 104.
LaTeX Font Info:    Overwriting symbol font `operators' in version `bold'
(Font)                  EU1/TimesNewRoman(0)/m/n --> EU1/TimesNewRoman(0)/bx/n 
on input line 104.
LaTeX Font Info:    Overwriting math alphabet `\mathrm' in version `bold'
(Font)                  EU1/TimesNewRoman(0)/m/n --> EU1/TimesNewRoman(0)/bx/n 
on input line 104.
LaTeX Font Info:    Overwriting math alphabet `\mathit' in version `bold'
(Font)                  OT1/cmr/bx/it --> EU1/TimesNewRoman(0)/bx/it on input l
ine 104.
LaTeX Font Info:    Overwriting math alphabet `\mathsf' in version `bold'
(Font)                  OT1/cmss/bx/n --> EU1/lmss/bx/n on input line 104.
LaTeX Font Info:    Overwriting math alphabet `\mathtt' in version `bold'
(Font)                  OT1/cmtt/m/n --> EU1/lmtt/bx/n on input line 104.
Package caption Info: Begin \AtBeginDocument code.
Package caption Info: End \AtBeginDocument code.
\openout2 = `cover.aux'.

 (./cover.tex
File: ./logos.png Graphic file (type QTm)

<use  "./logos.png" >

LaTeX Font Warning: Font shape `EU1/TimesNewRoman(0)/m/sc' undefined
(Font)              using `EU1/TimesNewRoman(0)/m/n' instead on input line 53.


Overfull \hbox (228.90236pt too wide) in paragraph at lines 65--71
 []$[]$ 
 []


Overfull \hbox (228.90236pt too wide) in paragraph at lines 72--78
 []$[]$ 
 []

[1



] [2

] (./abstract.tex) [3] [4

] [5]) [6]
\openout2 = `contents.aux'.

 (./contents.tex (./main.toc)
\tf@toc=\write3
\openout3 = `main.toc'.

 [7



]
LaTeX Info: Redefining \. on input line 7.
LaTeX Info: Redefining \% on input line 7.


Package Fancyhdr Warning: \headheight is too small (12.0pt): 
 Make it at least 12.36717pt.
 We now make it that large for the rest of the document.
 This may cause the page layout to be inconsistent, however.

[8

] (./main.lof)
\tf@lof=\write4
\openout4 = `main.lof'.

 [9]
LaTeX Info: Redefining \. on input line 8.
LaTeX Info: Redefining \% on input line 8.
 [10

] (./main.lot)
\tf@lot=\write5
\openout5 = `main.lot'.

) [11]
\openout2 = `chap1.aux'.

 (./chap1.tex
LaTeX Info: Redefining \. on input line 8.
LaTeX Info: Redefining \% on input line 8.
 [12



]
Cap\'{\i }tulo 1.
[13]

LaTeX Warning: Citation `choi2002antecedents' on page 14 undefined on input lin
e 21.


LaTeX Warning: Citation `jong2006evolutionary' on page 14 undefined on input li
ne 24.

LaTeX Info: Redefining \. on input line 27.
LaTeX Info: Redefining \% on input line 27.
[14

]
LaTeX Info: Redefining \. on input line 34.
LaTeX Info: Redefining \% on input line 34.
 [15

]
LaTeX Info: Redefining \. on input line 47.
LaTeX Info: Redefining \% on input line 47.
 [16

])
LaTeX Info: Redefining \. on input line 114.
LaTeX Info: Redefining \% on input line 114.
 [17

]
\openout2 = `chap2.aux'.

 (./chap2.tex
LaTeX Info: Redefining \. on input line 8.
LaTeX Info: Redefining \% on input line 8.
 [18



]
Cap\'{\i }tulo 2.

LaTeX Warning: Citation `nielsen1997users' on page 19 undefined on input line 1
0.


LaTeX Warning: Citation `kulkarni2014choose' on page 19 undefined on input line
 12.

[19]
LaTeX Info: Redefining \. on input line 41.
LaTeX Info: Redefining \% on input line 41.
 [20

]
LaTeX Info: Redefining \. on input line 48.
LaTeX Info: Redefining \% on input line 48.
 [21

]

LaTeX Warning: Citation `mcquarrie1999visual' on page 22 undefined on input lin
e 51.

)
LaTeX Info: Redefining \. on input line 115.
LaTeX Info: Redefining \% on input line 115.
 [22

]
\openout2 = `chap3.aux'.

 (./chap3.tex
Cap\'{\i }tulo 3.
[23



]

LaTeX Warning: Citation `kowaliw2012promoting' on page 24 undefined on input li
ne 13.

LaTeX Info: Redefining \. on input line 15.
LaTeX Info: Redefining \% on input line 15.
[24

]

LaTeX Warning: Citation `takagi2001interactive' on page 25 undefined on input l
ine 18.

File: as.png Graphic file (type QTm)
<use  "as.png" >
LaTeX Info: Redefining \. on input line 29.
LaTeX Info: Redefining \% on input line 29.
 [25

]

LaTeX Warning: Citation `malcolm2008approach' on page 26 undefined on input lin
e 33.

LaTeX Info: Redefining \. on input line 35.
LaTeX Info: Redefining \% on input line 35.
[26

]

LaTeX Warning: Citation `back1996evolutionary' on page 27 undefined on input li
ne 38.


LaTeX Warning: Citation `parisi2004modelos' on page 27 undefined on input line 
44.

File: diagrama.png Graphic file (type QTm)
<use  "diagrama.png" >
LaTeX Info: Redefining \. on input line 52.
LaTeX Info: Redefining \% on input line 52.
 [27

]
LaTeX Info: Redefining \. on input line 52.
LaTeX Info: Redefining \% on input line 52.
 [28]

LaTeX Warning: Citation `dao2012novel' on page 29 undefined on input line 55.


LaTeX Warning: Citation `back1996evolutionary' on page 29 undefined on input li
ne 59.

LaTeX Info: Redefining \. on input line 63.
LaTeX Info: Redefining \% on input line 63.
[29

]

LaTeX Warning: Citation `garcia2013evospace' on page 30 undefined on input line
 66.

)
LaTeX Info: Redefining \. on input line 116.
LaTeX Info: Redefining \% on input line 116.
 [30

]
\openout2 = `chap4.aux'.

 (./chap4.tex
Cap\'{\i }tulo 4.

LaTeX Warning: Reference `cei' on page 31 undefined on input line 10.


LaTeX Warning: Reference `plataformas' on page 31 undefined on input line 10.

[31



]

LaTeX Warning: Citation `graf1995interactive' on page 32 undefined on input lin
e 20.


LaTeX Warning: Citation `dawkins1988blind' on page 32 undefined on input line 2
2.


LaTeX Warning: Citation `meygret1992robust' on page 32 undefined on input line 
22.


LaTeX Warning: Citation `hill1992object' on page 32 undefined on input line 22.



LaTeX Warning: Citation `sims1991artificial' on page 32 undefined on input line
 22.


LaTeX Warning: Citation `caldwell1991tracking' on page 32 undefined on input li
ne 22.


LaTeX Warning: Citation `secretan2008picbreeder' on page 32 undefined on input 
line 24.

LaTeX Info: Redefining \. on input line 25.
LaTeX Info: Redefining \% on input line 25.
[32

]

LaTeX Warning: Citation `takagi2001interactive' on page 33 undefined on input l
ine 38.

LaTeX Info: Redefining \. on input line 39.
LaTeX Info: Redefining \% on input line 39.
[33]
File: picbreeder.png Graphic file (type QTm)
 <use  "picbreeder.png" >

LaTeX Warning: Citation `trujillo2013fireworks' on page 34 undefined on input l
ine 50.

LaTeX Info: Redefining \. on input line 79.
LaTeX Info: Redefining \% on input line 79.
[34]
LaTeX Info: Redefining \. on input line 79.
LaTeX Info: Redefining \% on input line 79.
 [35]
LaTeX Info: Redefining \. on input line 90.
LaTeX Info: Redefining \% on input line 90.
 [36]
File: fireworks.png Graphic file (type QTm)
 <use  "fireworks.png" >
LaTeX Info: Redefining \. on input line 98.
LaTeX Info: Redefining \% on input line 98.
 [37]
LaTeX Info: Redefining \. on input line 161.
LaTeX Info: Redefining \% on input line 161.
 [38


]

LaTeX Warning: Citation `anagnostopoulos2007just' on page 39 undefined on input
 line 202.

LaTeX Info: Redefining \. on input line 210.
LaTeX Info: Redefining \% on input line 210.
[39

]

LaTeX Warning: Citation `anagnostopoulos2007just' on page 40 undefined on input
 line 212.


LaTeX Warning: Citation `brin1998anatomy' on page 40 undefined on input line 23
7.


LaTeX Warning: Citation `fan2010sentiment' on page 40 undefined on input line 2
42.


LaTeX Warning: Citation `kim2004determining' on page 40 undefined on input line
 255.


LaTeX Warning: Citation `kim2006automatic' on page 40 undefined on input line 2
55.

LaTeX Info: Redefining \. on input line 261.
LaTeX Info: Redefining \% on input line 261.
[40]
LaTeX Info: Redefining \. on input line 262.
LaTeX Info: Redefining \% on input line 262.
 [41]

LaTeX Warning: Citation `mcelfresh2005method' on page 42 undefined on input lin
e 274.

LaTeX Info: Redefining \. on input line 363.
LaTeX Info: Redefining \% on input line 363.
[42

]

LaTeX Warning: Citation `zheng2012ontology' on page 43 undefined on input line 
379.


LaTeX Warning: Citation `hsieh2011different' on page 43 undefined on input line
 381.


LaTeX Warning: Citation `lewis2013customer' on page 43 undefined on input line 
381.

LaTeX Info: Redefining \. on input line 416.
LaTeX Info: Redefining \% on input line 416.
[43

]

LaTeX Warning: Citation `kazienko2007adrosa' on page 44 undefined on input line
 434.


LaTeX Warning: Citation `keng2013can' on page 44 undefined on input line 439.

)
LaTeX Info: Redefining \. on input line 117.
LaTeX Info: Redefining \% on input line 117.
 [44

]
\openout2 = `chap5.aux'.

 (./chap5.tex
Cap\'{\i }tulo 5.
File: formato.png Graphic file (type QTm)
<use  "formato.png" > [45



]
LaTeX Info: Redefining \. on input line 24.
LaTeX Info: Redefining \% on input line 24.
 [46]
File: padres.png Graphic file (type QTm)
 <use  "padres.png" >
File: cruce.png Graphic file (type QTm)
 <use  "cruce.png" >
LaTeX Info: Redefining \. on input line 55.
LaTeX Info: Redefining \% on input line 55.

[47

])
LaTeX Info: Redefining \. on input line 118.
LaTeX Info: Redefining \% on input line 118.
 [48]
\openout2 = `chap6.aux'.

 (./chap6.tex
Cap\'{\i }tulo 6.
[49



]

LaTeX Warning: Citation `romero2014using' on page 50 undefined on input line 22
.

(/usr/local/texlive/2012/texmf-dist/tex/latex/listings/lstlang1.sty
File: lstlang1.sty 2004/09/05 1.3 listings language file
)
LaTeX Font Info:    Try loading font information for EU1+lmtt on input line 45.


(/usr/local/texlive/2012/texmf-dist/tex/latex/euenc/eu1lmtt.fd
File: eu1lmtt.fd 2009/10/30 v1.6 Font defs for Latin Modern
)
LaTeX Info: Redefining \. on input line 46.
LaTeX Info: Redefining \% on input line 46.
 [50

]

Package caption Warning: \captionsetup{type*=...} or \captionof
(caption)                outside box or environment on input line 65.
See the caption package documentation for explanation.

LaTeX Info: Redefining \. on input line 67.
LaTeX Info: Redefining \% on input line 67.
[51]
File: interfaz.png Graphic file (type QTm)
 <use  "interfaz.png" >
LaTeX Info: Redefining \. on input line 83.
LaTeX Info: Redefining \% on input line 83.
 [52

])
LaTeX Info: Redefining \. on input line 119.
LaTeX Info: Redefining \% on input line 119.
 [53

]
\openout2 = `chap7.aux'.

 (./chap7.tex
LaTeX Info: Redefining \. on input line 8.
LaTeX Info: Redefining \% on input line 8.
 [54



]
Cap\'{\i }tulo 7.
[55]
File: experimento.png Graphic file (type QTm)
 <use  "experimento.png" >
LaTeX Info: Redefining \. on input line 33.
LaTeX Info: Redefining \% on input line 33.
 [56

]
LaTeX Info: Redefining \. on input line 33.
LaTeX Info: Redefining \% on input line 33.
 [57]
Underfull \vbox (badness 10000) has occurred while \output is active []

LaTeX Info: Redefining \. on input line 78.
LaTeX Info: Redefining \% on input line 78.
 [58

]
Underfull \vbox (badness 1057) has occurred while \output is active []

LaTeX Info: Redefining \. on input line 134.
LaTeX Info: Redefining \% on input line 134.
 [59]
Underfull \vbox (badness 7468) has occurred while \output is active []

LaTeX Info: Redefining \. on input line 234.
LaTeX Info: Redefining \% on input line 234.
 [60]
Underfull \vbox (badness 7468) has occurred while \output is active []

LaTeX Info: Redefining \. on input line 289.
LaTeX Info: Redefining \% on input line 289.
 [61]
LaTeX Info: Redefining \. on input line 391.
LaTeX Info: Redefining \% on input line 391.

[62]
LaTeX Info: Redefining \. on input line 391.
LaTeX Info: Redefining \% on input line 391.
 [63]
Underfull \vbox (badness 7468) has occurred while \output is active []

LaTeX Info: Redefining \. on input line 447.
LaTeX Info: Redefining \% on input line 447.
 [64]
Underfull \vbox (badness 7468) has occurred while \output is active []

LaTeX Info: Redefining \. on input line 547.
LaTeX Info: Redefining \% on input line 547.
 [65])
LaTeX Info: Redefining \. on input line 120.
LaTeX Info: Redefining \% on input line 120.

[66]
LaTeX Info: Redefining \. on input line 120.
LaTeX Info: Redefining \% on input line 120.
 [67]
\openout2 = `chap8.aux'.

 (./chap8.tex
LaTeX Info: Redefining \. on input line 8.
LaTeX Info: Redefining \% on input line 8.
 [68



]
Cap\'{\i }tulo 8.
[69])
LaTeX Info: Redefining \. on input line 121.
LaTeX Info: Redefining \% on input line 121.
 [70

]
\openout2 = `chap9.aux'.


No file chap9.tex.
\openout2 = `appa.aux'.

(./appa.tex
Anexos A.
File: h.png Graphic file (type QTm)
<use  "h.png" >
File: p.png Graphic file (type QTm)
 <use  "p.png" >
File: m.png Graphic file (type QTm)
 <use  "m.png" > [71





]
LaTeX Info: Redefining \. on input line 21.
LaTeX Info: Redefining \% on input line 21.
 [72]
LaTeX Info: Redefining \. on input line 21.
LaTeX Info: Redefining \% on input line 21.
 [73])
\openout2 = `appb.aux'.

 (./appb.tex
LaTeX Info: Redefining \. on input line 1.
LaTeX Info: Redefining \% on input line 1.

[74




]
Anexos B.
[75]
LaTeX Info: Redefining \. on input line 10.
LaTeX Info: Redefining \% on input line 10.
 [76]
LaTeX Info: Redefining \. on input line 18.
LaTeX Info: Redefining \% on input line 18.
 [77])
\openout2 = `biblio.aux'.

 (./biblio.tex (./main.bbl
LaTeX Info: Redefining \. on input line 3.
LaTeX Info: Redefining \% on input line 3.
 [78





]
Underfull \hbox (badness 1028) in paragraph at lines 23--27
[]\EU1/TimesNewRoman(0)/m/sc/12 Craig Caldwell and Victor S Johnston.  Tracking
 a criminal suspect through"face-
 []

[79]
LaTeX Info: Redefining \. on input line 154.
LaTeX Info: Redefining \% on input line 154.
 [80]))
LaTeX Info: Redefining \. on input line 126.
LaTeX Info: Redefining \% on input line 126.
 [81] (./main.aux (./cover.aux)
LaTeX Info: Redefining \. on input line 4.
LaTeX Info: Redefining \% on input line 4.
 (./contents.aux) (./chap1.aux)
(./chap2.aux) (./chap3.aux) (./chap4.aux) (./chap5.aux) (./chap6.aux)
(./chap7.aux) (./chap8.aux) (./chap9.aux) (./appa.aux) (./appb.aux)
(./biblio.aux))

LaTeX Font Warning: Some font shapes were not available, defaults substituted.


LaTeX Warning: There were undefined references.


LaTeX Warning: Label(s) may have changed. Rerun to get cross-references right.

 ) 
Here is how much of TeX's memory you used:
 17491 strings out of 494004
 353411 string characters out of 3150890
 510921 words of memory out of 3000000
 20448 multiletter control sequences out of 15000+200000
 7736 words of font info for 57 fonts, out of 3000000 for 9000
 1144 hyphenation exceptions out of 8191
 36i,12n,43p,1236b,1853s stack positions out of 5000i,500n,10000p,200000b,50000s

Output written on main.pdf (81 pages).
